<?xml version="1.0" encoding="UTF-8"?>
<testsuite xmlns:xsi="http://www.w3.org/2001/XMLSchema-instance" xsi:noNamespaceSchemaLocation="https://maven.apache.org/surefire/maven-surefire-plugin/xsd/surefire-test-report.xsd" name="TestSuite" time="1,228.49" tests="88" errors="0" skipped="0" failures="3">
  <properties>
    <property name="gopherProxySet" value="false"/>
    <property name="awt.toolkit" value="sun.lwawt.macosx.LWCToolkit"/>
    <property name="file.encoding.pkg" value="sun.io"/>
    <property name="java.specification.version" value="1.8"/>
    <property name="sun.cpu.isalist" value=""/>
    <property name="sun.jnu.encoding" value="UTF-8"/>
    <property name="java.class.path" value="/Users/aswinikumar/Documents/smoketestcases/Android-Smoke-master/target/test-classes:/Users/aswinikumar/Documents/smoketestcases/Android-Smoke-master/target/classes:/Users/aswinikumar/.m2/repository/junit/junit/3.8.1/junit-3.8.1.jar:/Users/aswinikumar/.m2/repository/org/testng/testng/6.9.4/testng-6.9.4.jar:/Users/aswinikumar/.m2/repository/org/beanshell/bsh/2.0b4/bsh-2.0b4.jar:/Users/aswinikumar/.m2/repository/com/beust/jcommander/1.48/jcommander-1.48.jar:/Users/aswinikumar/.m2/repository/org/seleniumhq/selenium/selenium-server/2.51.0/selenium-server-2.51.0.jar:/Users/aswinikumar/.m2/repository/org/bouncycastle/bcprov-jdk15on/1.48/bcprov-jdk15on-1.48.jar:/Users/aswinikumar/.m2/repository/org/bouncycastle/bcpkix-jdk15on/1.48/bcpkix-jdk15on-1.48.jar:/Users/aswinikumar/.m2/repository/mx4j/mx4j-tools/3.0.1/mx4j-tools-3.0.1.jar:/Users/aswinikumar/.m2/repository/org/seleniumhq/selenium/jetty-repacked/9.2.13.v20150730/jetty-repacked-9.2.13.v20150730.jar:/Users/aswinikumar/.m2/repository/javax/servlet/javax.servlet-api/3.1.0/javax.servlet-api-3.1.0.jar:/Users/aswinikumar/.m2/repository/org/seleniumhq/selenium/jetty-rc-repacked/5/jetty-rc-repacked-5.jar:/Users/aswinikumar/.m2/repository/net/jcip/jcip-annotations/1.0/jcip-annotations-1.0.jar:/Users/aswinikumar/.m2/repository/org/yaml/snakeyaml/1.8/snakeyaml-1.8.jar:/Users/aswinikumar/.m2/repository/commons-codec/commons-codec/1.10/commons-codec-1.10.jar:/Users/aswinikumar/.m2/repository/org/seleniumhq/selenium/selenium-java/2.51.0/selenium-java-2.51.0.jar:/Users/aswinikumar/.m2/repository/org/seleniumhq/selenium/selenium-chrome-driver/2.51.0/selenium-chrome-driver-2.51.0.jar:/Users/aswinikumar/.m2/repository/org/seleniumhq/selenium/selenium-edge-driver/2.51.0/selenium-edge-driver-2.51.0.jar:/Users/aswinikumar/.m2/repository/org/seleniumhq/selenium/selenium-htmlunit-driver/2.51.0/selenium-htmlunit-driver-2.51.0.jar:/Users/aswinikumar/.m2/repository/net/sourceforge/htmlunit/htmlunit/2.18/htmlunit-2.18.jar:/Users/aswinikumar/.m2/repository/xalan/xalan/2.7.2/xalan-2.7.2.jar:/Users/aswinikumar/.m2/repository/xalan/serializer/2.7.2/serializer-2.7.2.jar:/Users/aswinikumar/.m2/repository/org/apache/httpcomponents/httpmime/4.5/httpmime-4.5.jar:/Users/aswinikumar/.m2/repository/net/sourceforge/htmlunit/htmlunit-core-js/2.17/htmlunit-core-js-2.17.jar:/Users/aswinikumar/.m2/repository/xerces/xercesImpl/2.11.0/xercesImpl-2.11.0.jar:/Users/aswinikumar/.m2/repository/xml-apis/xml-apis/1.4.01/xml-apis-1.4.01.jar:/Users/aswinikumar/.m2/repository/net/sourceforge/nekohtml/nekohtml/1.9.22/nekohtml-1.9.22.jar:/Users/aswinikumar/.m2/repository/net/sourceforge/cssparser/cssparser/0.9.16/cssparser-0.9.16.jar:/Users/aswinikumar/.m2/repository/org/w3c/css/sac/1.3/sac-1.3.jar:/Users/aswinikumar/.m2/repository/org/eclipse/jetty/websocket/websocket-client/9.2.12.v20150709/websocket-client-9.2.12.v20150709.jar:/Users/aswinikumar/.m2/repository/org/eclipse/jetty/jetty-util/9.2.12.v20150709/jetty-util-9.2.12.v20150709.jar:/Users/aswinikumar/.m2/repository/org/eclipse/jetty/jetty-io/9.2.12.v20150709/jetty-io-9.2.12.v20150709.jar:/Users/aswinikumar/.m2/repository/org/eclipse/jetty/websocket/websocket-common/9.2.12.v20150709/websocket-common-9.2.12.v20150709.jar:/Users/aswinikumar/.m2/repository/org/eclipse/jetty/websocket/websocket-api/9.2.12.v20150709/websocket-api-9.2.12.v20150709.jar:/Users/aswinikumar/.m2/repository/commons-collections/commons-collections/3.2.2/commons-collections-3.2.2.jar:/Users/aswinikumar/.m2/repository/org/seleniumhq/selenium/selenium-ie-driver/2.51.0/selenium-ie-driver-2.51.0.jar:/Users/aswinikumar/.m2/repository/net/java/dev/jna/jna/4.1.0/jna-4.1.0.jar:/Users/aswinikumar/.m2/repository/net/java/dev/jna/jna-platform/4.1.0/jna-platform-4.1.0.jar:/Users/aswinikumar/.m2/repository/org/seleniumhq/selenium/selenium-safari-driver/2.51.0/selenium-safari-driver-2.51.0.jar:/Users/aswinikumar/.m2/repository/org/seleniumhq/selenium/selenium-support/2.51.0/selenium-support-2.51.0.jar:/Users/aswinikumar/.m2/repository/org/webbitserver/webbit/0.4.14/webbit-0.4.14.jar:/Users/aswinikumar/.m2/repository/io/netty/netty/3.5.2.Final/netty-3.5.2.Final.jar:/Users/aswinikumar/.m2/repository/org/seleniumhq/selenium/selenium-leg-rc/2.51.0/selenium-leg-rc-2.51.0.jar:/Users/aswinikumar/.m2/repository/org/seleniumhq/selenium/selenium-firefox-driver/2.51.0/selenium-firefox-driver-2.51.0.jar:/Users/aswinikumar/.m2/repository/org/seleniumhq/selenium/selenium-remote-driver/2.51.0/selenium-remote-driver-2.51.0.jar:/Users/aswinikumar/.m2/repository/org/seleniumhq/selenium/selenium-api/2.51.0/selenium-api-2.51.0.jar:/Users/aswinikumar/.m2/repository/commons-io/commons-io/2.4/commons-io-2.4.jar:/Users/aswinikumar/.m2/repository/org/apache/commons/commons-exec/1.3/commons-exec-1.3.jar:/Users/aswinikumar/.m2/repository/com/googlecode/json-simple/json-simple/1.1/json-simple-1.1.jar:/Users/aswinikumar/.m2/repository/org/apache/poi/poi/3.9/poi-3.9.jar:/Users/aswinikumar/.m2/repository/io/appium/java-client/4.1.2/java-client-4.1.2.jar:/Users/aswinikumar/.m2/repository/com/google/code/gson/gson/2.7/gson-2.7.jar:/Users/aswinikumar/.m2/repository/org/apache/httpcomponents/httpclient/4.5.2/httpclient-4.5.2.jar:/Users/aswinikumar/.m2/repository/org/apache/httpcomponents/httpcore/4.4.4/httpcore-4.4.4.jar:/Users/aswinikumar/.m2/repository/commons-logging/commons-logging/1.2/commons-logging-1.2.jar:/Users/aswinikumar/.m2/repository/com/google/guava/guava/19.0/guava-19.0.jar:/Users/aswinikumar/.m2/repository/commons-validator/commons-validator/1.5.1/commons-validator-1.5.1.jar:/Users/aswinikumar/.m2/repository/commons-beanutils/commons-beanutils/1.9.2/commons-beanutils-1.9.2.jar:/Users/aswinikumar/.m2/repository/commons-digester/commons-digester/1.8.1/commons-digester-1.8.1.jar:/Users/aswinikumar/.m2/repository/org/apache/commons/commons-lang3/3.4/commons-lang3-3.4.jar:/Users/aswinikumar/.m2/repository/cglib/cglib-nodep/3.2.4/cglib-nodep-3.2.4.jar:/Users/aswinikumar/.m2/repository/org/springframework/spring-context/4.3.2.RELEASE/spring-context-4.3.2.RELEASE.jar:/Users/aswinikumar/.m2/repository/org/springframework/spring-aop/4.3.2.RELEASE/spring-aop-4.3.2.RELEASE.jar:/Users/aswinikumar/.m2/repository/org/springframework/spring-beans/4.3.2.RELEASE/spring-beans-4.3.2.RELEASE.jar:/Users/aswinikumar/.m2/repository/org/springframework/spring-core/4.3.2.RELEASE/spring-core-4.3.2.RELEASE.jar:/Users/aswinikumar/.m2/repository/org/springframework/spring-expression/4.3.2.RELEASE/spring-expression-4.3.2.RELEASE.jar:/Users/aswinikumar/.m2/repository/org/aspectj/aspectjweaver/1.8.9/aspectjweaver-1.8.9.jar:/Users/aswinikumar/.m2/repository/io/qameta/allure/allure-testng/2.10.0/allure-testng-2.10.0.jar:/Users/aswinikumar/.m2/repository/io/qameta/allure/allure-java-commons/2.10.0/allure-java-commons-2.10.0.jar:/Users/aswinikumar/.m2/repository/io/qameta/allure/allure-model/2.10.0/allure-model-2.10.0.jar:/Users/aswinikumar/.m2/repository/org/slf4j/slf4j-api/1.7.25/slf4j-api-1.7.25.jar:/Users/aswinikumar/.m2/repository/com/fasterxml/jackson/core/jackson-databind/2.9.8/jackson-databind-2.9.8.jar:/Users/aswinikumar/.m2/repository/com/fasterxml/jackson/core/jackson-annotations/2.9.0/jackson-annotations-2.9.0.jar:/Users/aswinikumar/.m2/repository/com/fasterxml/jackson/core/jackson-core/2.9.8/jackson-core-2.9.8.jar:/Users/aswinikumar/.m2/repository/org/apache/tika/tika-core/1.20/tika-core-1.20.jar:/Users/aswinikumar/.m2/repository/org/jooq/joor-java-8/0.9.10/joor-java-8-0.9.10.jar:"/>
    <property name="java.vm.vendor" value="Oracle Corporation"/>
    <property name="sun.arch.data.model" value="64"/>
    <property name="java.vendor.url" value="http://java.oracle.com/"/>
    <property name="user.timezone" value=""/>
    <property name="user.country.format" value="IN"/>
    <property name="java.vm.specification.version" value="1.8"/>
    <property name="os.name" value="Mac OS X"/>
    <property name="user.country" value="GB"/>
    <property name="sun.java.launcher" value="SUN_STANDARD"/>
    <property name="sun.boot.library.path" value="/Library/Java/JavaVirtualMachines/jdk1.8.0_311.jdk/Contents/Home/jre/lib"/>
    <property name="sun.java.command" value="/Users/aswinikumar/Documents/smoketestcases/Android-Smoke-master/target/surefire/surefirebooter8292836961037958675.jar /Users/aswinikumar/Documents/smoketestcases/Android-Smoke-master/target/surefire 2022-01-19T16-31-55_772-jvmRun1 surefire3083827183627838946tmp surefire_07520883977518595385tmp"/>
    <property name="http.nonProxyHosts" value="local|*.local|169.254/16|*.169.254/16"/>
    <property name="surefire.test.class.path" value="/Users/aswinikumar/Documents/smoketestcases/Android-Smoke-master/target/test-classes:/Users/aswinikumar/Documents/smoketestcases/Android-Smoke-master/target/classes:/Users/aswinikumar/.m2/repository/junit/junit/3.8.1/junit-3.8.1.jar:/Users/aswinikumar/.m2/repository/org/testng/testng/6.9.4/testng-6.9.4.jar:/Users/aswinikumar/.m2/repository/org/beanshell/bsh/2.0b4/bsh-2.0b4.jar:/Users/aswinikumar/.m2/repository/com/beust/jcommander/1.48/jcommander-1.48.jar:/Users/aswinikumar/.m2/repository/org/seleniumhq/selenium/selenium-server/2.51.0/selenium-server-2.51.0.jar:/Users/aswinikumar/.m2/repository/org/bouncycastle/bcprov-jdk15on/1.48/bcprov-jdk15on-1.48.jar:/Users/aswinikumar/.m2/repository/org/bouncycastle/bcpkix-jdk15on/1.48/bcpkix-jdk15on-1.48.jar:/Users/aswinikumar/.m2/repository/mx4j/mx4j-tools/3.0.1/mx4j-tools-3.0.1.jar:/Users/aswinikumar/.m2/repository/org/seleniumhq/selenium/jetty-repacked/9.2.13.v20150730/jetty-repacked-9.2.13.v20150730.jar:/Users/aswinikumar/.m2/repository/javax/servlet/javax.servlet-api/3.1.0/javax.servlet-api-3.1.0.jar:/Users/aswinikumar/.m2/repository/org/seleniumhq/selenium/jetty-rc-repacked/5/jetty-rc-repacked-5.jar:/Users/aswinikumar/.m2/repository/net/jcip/jcip-annotations/1.0/jcip-annotations-1.0.jar:/Users/aswinikumar/.m2/repository/org/yaml/snakeyaml/1.8/snakeyaml-1.8.jar:/Users/aswinikumar/.m2/repository/commons-codec/commons-codec/1.10/commons-codec-1.10.jar:/Users/aswinikumar/.m2/repository/org/seleniumhq/selenium/selenium-java/2.51.0/selenium-java-2.51.0.jar:/Users/aswinikumar/.m2/repository/org/seleniumhq/selenium/selenium-chrome-driver/2.51.0/selenium-chrome-driver-2.51.0.jar:/Users/aswinikumar/.m2/repository/org/seleniumhq/selenium/selenium-edge-driver/2.51.0/selenium-edge-driver-2.51.0.jar:/Users/aswinikumar/.m2/repository/org/seleniumhq/selenium/selenium-htmlunit-driver/2.51.0/selenium-htmlunit-driver-2.51.0.jar:/Users/aswinikumar/.m2/repository/net/sourceforge/htmlunit/htmlunit/2.18/htmlunit-2.18.jar:/Users/aswinikumar/.m2/repository/xalan/xalan/2.7.2/xalan-2.7.2.jar:/Users/aswinikumar/.m2/repository/xalan/serializer/2.7.2/serializer-2.7.2.jar:/Users/aswinikumar/.m2/repository/org/apache/httpcomponents/httpmime/4.5/httpmime-4.5.jar:/Users/aswinikumar/.m2/repository/net/sourceforge/htmlunit/htmlunit-core-js/2.17/htmlunit-core-js-2.17.jar:/Users/aswinikumar/.m2/repository/xerces/xercesImpl/2.11.0/xercesImpl-2.11.0.jar:/Users/aswinikumar/.m2/repository/xml-apis/xml-apis/1.4.01/xml-apis-1.4.01.jar:/Users/aswinikumar/.m2/repository/net/sourceforge/nekohtml/nekohtml/1.9.22/nekohtml-1.9.22.jar:/Users/aswinikumar/.m2/repository/net/sourceforge/cssparser/cssparser/0.9.16/cssparser-0.9.16.jar:/Users/aswinikumar/.m2/repository/org/w3c/css/sac/1.3/sac-1.3.jar:/Users/aswinikumar/.m2/repository/org/eclipse/jetty/websocket/websocket-client/9.2.12.v20150709/websocket-client-9.2.12.v20150709.jar:/Users/aswinikumar/.m2/repository/org/eclipse/jetty/jetty-util/9.2.12.v20150709/jetty-util-9.2.12.v20150709.jar:/Users/aswinikumar/.m2/repository/org/eclipse/jetty/jetty-io/9.2.12.v20150709/jetty-io-9.2.12.v20150709.jar:/Users/aswinikumar/.m2/repository/org/eclipse/jetty/websocket/websocket-common/9.2.12.v20150709/websocket-common-9.2.12.v20150709.jar:/Users/aswinikumar/.m2/repository/org/eclipse/jetty/websocket/websocket-api/9.2.12.v20150709/websocket-api-9.2.12.v20150709.jar:/Users/aswinikumar/.m2/repository/commons-collections/commons-collections/3.2.2/commons-collections-3.2.2.jar:/Users/aswinikumar/.m2/repository/org/seleniumhq/selenium/selenium-ie-driver/2.51.0/selenium-ie-driver-2.51.0.jar:/Users/aswinikumar/.m2/repository/net/java/dev/jna/jna/4.1.0/jna-4.1.0.jar:/Users/aswinikumar/.m2/repository/net/java/dev/jna/jna-platform/4.1.0/jna-platform-4.1.0.jar:/Users/aswinikumar/.m2/repository/org/seleniumhq/selenium/selenium-safari-driver/2.51.0/selenium-safari-driver-2.51.0.jar:/Users/aswinikumar/.m2/repository/org/seleniumhq/selenium/selenium-support/2.51.0/selenium-support-2.51.0.jar:/Users/aswinikumar/.m2/repository/org/webbitserver/webbit/0.4.14/webbit-0.4.14.jar:/Users/aswinikumar/.m2/repository/io/netty/netty/3.5.2.Final/netty-3.5.2.Final.jar:/Users/aswinikumar/.m2/repository/org/seleniumhq/selenium/selenium-leg-rc/2.51.0/selenium-leg-rc-2.51.0.jar:/Users/aswinikumar/.m2/repository/org/seleniumhq/selenium/selenium-firefox-driver/2.51.0/selenium-firefox-driver-2.51.0.jar:/Users/aswinikumar/.m2/repository/org/seleniumhq/selenium/selenium-remote-driver/2.51.0/selenium-remote-driver-2.51.0.jar:/Users/aswinikumar/.m2/repository/org/seleniumhq/selenium/selenium-api/2.51.0/selenium-api-2.51.0.jar:/Users/aswinikumar/.m2/repository/commons-io/commons-io/2.4/commons-io-2.4.jar:/Users/aswinikumar/.m2/repository/org/apache/commons/commons-exec/1.3/commons-exec-1.3.jar:/Users/aswinikumar/.m2/repository/com/googlecode/json-simple/json-simple/1.1/json-simple-1.1.jar:/Users/aswinikumar/.m2/repository/org/apache/poi/poi/3.9/poi-3.9.jar:/Users/aswinikumar/.m2/repository/io/appium/java-client/4.1.2/java-client-4.1.2.jar:/Users/aswinikumar/.m2/repository/com/google/code/gson/gson/2.7/gson-2.7.jar:/Users/aswinikumar/.m2/repository/org/apache/httpcomponents/httpclient/4.5.2/httpclient-4.5.2.jar:/Users/aswinikumar/.m2/repository/org/apache/httpcomponents/httpcore/4.4.4/httpcore-4.4.4.jar:/Users/aswinikumar/.m2/repository/commons-logging/commons-logging/1.2/commons-logging-1.2.jar:/Users/aswinikumar/.m2/repository/com/google/guava/guava/19.0/guava-19.0.jar:/Users/aswinikumar/.m2/repository/commons-validator/commons-validator/1.5.1/commons-validator-1.5.1.jar:/Users/aswinikumar/.m2/repository/commons-beanutils/commons-beanutils/1.9.2/commons-beanutils-1.9.2.jar:/Users/aswinikumar/.m2/repository/commons-digester/commons-digester/1.8.1/commons-digester-1.8.1.jar:/Users/aswinikumar/.m2/repository/org/apache/commons/commons-lang3/3.4/commons-lang3-3.4.jar:/Users/aswinikumar/.m2/repository/cglib/cglib-nodep/3.2.4/cglib-nodep-3.2.4.jar:/Users/aswinikumar/.m2/repository/org/springframework/spring-context/4.3.2.RELEASE/spring-context-4.3.2.RELEASE.jar:/Users/aswinikumar/.m2/repository/org/springframework/spring-aop/4.3.2.RELEASE/spring-aop-4.3.2.RELEASE.jar:/Users/aswinikumar/.m2/repository/org/springframework/spring-beans/4.3.2.RELEASE/spring-beans-4.3.2.RELEASE.jar:/Users/aswinikumar/.m2/repository/org/springframework/spring-core/4.3.2.RELEASE/spring-core-4.3.2.RELEASE.jar:/Users/aswinikumar/.m2/repository/org/springframework/spring-expression/4.3.2.RELEASE/spring-expression-4.3.2.RELEASE.jar:/Users/aswinikumar/.m2/repository/org/aspectj/aspectjweaver/1.8.9/aspectjweaver-1.8.9.jar:/Users/aswinikumar/.m2/repository/io/qameta/allure/allure-testng/2.10.0/allure-testng-2.10.0.jar:/Users/aswinikumar/.m2/repository/io/qameta/allure/allure-java-commons/2.10.0/allure-java-commons-2.10.0.jar:/Users/aswinikumar/.m2/repository/io/qameta/allure/allure-model/2.10.0/allure-model-2.10.0.jar:/Users/aswinikumar/.m2/repository/org/slf4j/slf4j-api/1.7.25/slf4j-api-1.7.25.jar:/Users/aswinikumar/.m2/repository/com/fasterxml/jackson/core/jackson-databind/2.9.8/jackson-databind-2.9.8.jar:/Users/aswinikumar/.m2/repository/com/fasterxml/jackson/core/jackson-annotations/2.9.0/jackson-annotations-2.9.0.jar:/Users/aswinikumar/.m2/repository/com/fasterxml/jackson/core/jackson-core/2.9.8/jackson-core-2.9.8.jar:/Users/aswinikumar/.m2/repository/org/apache/tika/tika-core/1.20/tika-core-1.20.jar:/Users/aswinikumar/.m2/repository/org/jooq/joor-java-8/0.9.10/joor-java-8-0.9.10.jar:"/>
    <property name="sun.cpu.endian" value="little"/>
    <property name="user.home" value="/Users/aswinikumar"/>
    <property name="user.language" value="en"/>
    <property name="java.specification.vendor" value="Oracle Corporation"/>
    <property name="java.home" value="/Library/Java/JavaVirtualMachines/jdk1.8.0_311.jdk/Contents/Home/jre"/>
    <property name="basedir" value="/Users/aswinikumar/Documents/smoketestcases/Android-Smoke-master"/>
    <property name="file.separator" value="/"/>
    <property name="line.separator" value="&#10;"/>
    <property name="java.vm.specification.vendor" value="Oracle Corporation"/>
    <property name="java.specification.name" value="Java Platform API Specification"/>
    <property name="java.awt.graphicsenv" value="sun.awt.CGraphicsEnvironment"/>
    <property name="surefire.real.class.path" value="/Users/aswinikumar/Documents/smoketestcases/Android-Smoke-master/target/surefire/surefirebooter8292836961037958675.jar:/Users/aswinikumar/.m2/repository/org/aspectj/aspectjweaver/1.8.13/aspectjweaver-1.8.13.jar"/>
    <property name="sun.boot.class.path" value="/Library/Java/JavaVirtualMachines/jdk1.8.0_311.jdk/Contents/Home/jre/lib/resources.jar:/Library/Java/JavaVirtualMachines/jdk1.8.0_311.jdk/Contents/Home/jre/lib/rt.jar:/Library/Java/JavaVirtualMachines/jdk1.8.0_311.jdk/Contents/Home/jre/lib/sunrsasign.jar:/Library/Java/JavaVirtualMachines/jdk1.8.0_311.jdk/Contents/Home/jre/lib/jsse.jar:/Library/Java/JavaVirtualMachines/jdk1.8.0_311.jdk/Contents/Home/jre/lib/jce.jar:/Library/Java/JavaVirtualMachines/jdk1.8.0_311.jdk/Contents/Home/jre/lib/charsets.jar:/Library/Java/JavaVirtualMachines/jdk1.8.0_311.jdk/Contents/Home/jre/lib/jfr.jar:/Library/Java/JavaVirtualMachines/jdk1.8.0_311.jdk/Contents/Home/jre/classes"/>
    <property name="sun.management.compiler" value="HotSpot 64-Bit Tiered Compilers"/>
    <property name="ftp.nonProxyHosts" value="local|*.local|169.254/16|*.169.254/16"/>
    <property name="java.runtime.version" value="1.8.0_311-b11"/>
    <property name="user.name" value="aswinikumar"/>
    <property name="path.separator" value=":"/>
    <property name="os.version" value="10.16"/>
    <property name="java.endorsed.dirs" value="/Library/Java/JavaVirtualMachines/jdk1.8.0_311.jdk/Contents/Home/jre/lib/endorsed"/>
    <property name="java.runtime.name" value="Java(TM) SE Runtime Environment"/>
    <property name="file.encoding" value="UTF-8"/>
    <property name="java.vm.name" value="Java HotSpot(TM) 64-Bit Server VM"/>
    <property name="localRepository" value="/Users/aswinikumar/.m2/repository"/>
    <property name="java.vendor.url.bug" value="http://bugreport.sun.com/bugreport/"/>
    <property name="java.io.tmpdir" value="/var/folders/sq/6ytcx3fj2yd8dmgrjt1_jjm80000gn/T/"/>
    <property name="java.version" value="1.8.0_311"/>
    <property name="user.dir" value="/Users/aswinikumar/Documents/smoketestcases/Android-Smoke-master"/>
    <property name="os.arch" value="x86_64"/>
    <property name="java.vm.specification.name" value="Java Virtual Machine Specification"/>
    <property name="java.awt.printerjob" value="sun.lwawt.macosx.CPrinterJob"/>
    <property name="sun.os.patch.level" value="unknown"/>
    <property name="java.library.path" value="/Users/aswinikumar/Library/Java/Extensions:/Library/Java/Extensions:/Network/Library/Java/Extensions:/System/Library/Java/Extensions:/usr/lib/java:."/>
    <property name="java.vm.info" value="mixed mode"/>
    <property name="java.vendor" value="Oracle Corporation"/>
    <property name="java.vm.version" value="25.311-b11"/>
    <property name="java.ext.dirs" value="/Users/aswinikumar/Library/Java/Extensions:/Library/Java/JavaVirtualMachines/jdk1.8.0_311.jdk/Contents/Home/jre/lib/ext:/Library/Java/Extensions:/Network/Library/Java/Extensions:/System/Library/Java/Extensions:/usr/lib/java"/>
    <property name="sun.io.unicode.encoding" value="UnicodeBig"/>
    <property name="java.class.version" value="52.0"/>
    <property name="socksNonProxyHosts" value="local|*.local|169.254/16|*.169.254/16"/>
  </properties>
  <testcase name="Smoke_Test_CaseVerify_Homescreen_marquee_adCall_FTL" classname="twc.Automation.SmokeTestCases.smokeTestCases" time="660.23"/>
  <testcase name="Verify_AlertCenterAd" classname="twc.Automation.SmokeTestCases.smokeTestCases" time="1.251"/>
  <testcase name="Smoke_Test_verifying_feed_1adcall_FTL" classname="twc.Automation.SmokeTestCases.smokeTestCases" time="0.674"/>
  <testcase name="Smoke_Test_verifying_feed_2adcall_FTL" classname="twc.Automation.SmokeTestCases.smokeTestCases" time="0.75"/>
  <testcase name="Smoke_Test_verifying_feed_3adCall_FTL" classname="twc.Automation.SmokeTestCases.smokeTestCases" time="0.521"/>
  <testcase name="Smoke_Test_verifying_feed_4adcall_FTL" classname="twc.Automation.SmokeTestCases.smokeTestCases" time="0.598"/>
  <testcase name="Smoke_Test_verifying_feed_5adCall_FTL" classname="twc.Automation.SmokeTestCases.smokeTestCases" time="0.53"/>
  <testcase name="Smoke_Test_Case_Verify_Radar_Maps_deatailspage_adCall_FTL" classname="twc.Automation.SmokeTestCases.smokeTestCases" time="0.606">
    <failure message="iu=%2F7646%2Fapp_android_us%2Fdb_display%2Fdetails%2Fmaps ad call is not present" type="java.lang.AssertionError">java.lang.AssertionError: iu=%2F7646%2Fapp_android_us%2Fdb_display%2Fdetails%2Fmaps ad call is not present
	at twc.Automation.SmokeTestCases.smokeTestCases.Smoke_Test_Case_Verify_Radar_Maps_deatailspage_adCall_FTL(smokeTestCases.java:171)
</failure>
    <system-out><![CDATA[================= verifying iu value for Radar&Maps deatail card started =========================
iu=%2F7646%2Fapp_android_us%2Fdb_display%2Fdetails%2Fmaps ad call is not present
]]></system-out>
  </testcase>
  <testcase name="Smoke_Test_CaseVerify_Today_details_page_iu_FTL" classname="twc.Automation.SmokeTestCases.smokeTestCases" time="0.54"/>
  <testcase name="Smoke_Test_Verify_Air_Quality_contentpage_adCall_FTL" classname="twc.Automation.SmokeTestCases.smokeTestCases" time="0.612"/>
  <testcase name="Smoke_Test_Verify_outdoor_detailpage_adcall_FTL" classname="twc.Automation.SmokeTestCases.smokeTestCases" time="0.784"/>
  <testcase name="Smoke_Test_amazon_aaxSlot_feed1_adCall" classname="twc.Automation.SmokeTestCases.smokeTestCases" time="0.351"/>
  <testcase name="Smoke_Test_amazon_aaxSlot_feed2_adcall" classname="twc.Automation.SmokeTestCases.smokeTestCases" time="0.398"/>
  <testcase name="Smoke_Test_amazon_aaxSlot_feed3_adcall" classname="twc.Automation.SmokeTestCases.smokeTestCases" time="0.388"/>
  <testcase name="Smoke_Test_amazon_aaxSlot_feed4_adcall" classname="twc.Automation.SmokeTestCases.smokeTestCases" time="0.437"/>
  <testcase name="Smoke_Test_amazon_aaxSlot_feed5_adcall" classname="twc.Automation.SmokeTestCases.smokeTestCases" time="0.443"/>
  <testcase name="Smoke_Test_amazon_aax_mapsdetails_adcall" classname="twc.Automation.SmokeTestCases.smokeTestCases" time="0.333"/>
  <testcase name="Smoke_Test_amazon_aax_today_deatailcard" classname="twc.Automation.SmokeTestCases.smokeTestCases" time="0.424"/>
  <testcase name="Smoke_Test_amazon_aax_Airquality_deatailcard" classname="twc.Automation.SmokeTestCases.smokeTestCases" time="0.395"/>
  <testcase name="Smoke_Test_Verify_amazon_SlotId_outdoor_details" classname="twc.Automation.SmokeTestCases.smokeTestCases" time="0.434"/>
  <testcase name="Smoke_Test_CaseVerify_sz_Homescreen_marquee_adCall_FTL" classname="twc.Automation.SmokeTestCases.smokeTestCases" time="0.514"/>
  <testcase name="Verify_sz_AlertCenterAd" classname="twc.Automation.SmokeTestCases.smokeTestCases" time="0.534"/>
  <testcase name="Smoke_Test_verifying_sz_feed_1_adcall_FTL" classname="twc.Automation.SmokeTestCases.smokeTestCases" time="0.496"/>
  <testcase name="Smoke_Test_verifying_sz_feed_2_adcall_FTL" classname="twc.Automation.SmokeTestCases.smokeTestCases" time="0.52"/>
  <testcase name="Smoke_Test_verifying_sz_feed_3_adcall_FTL" classname="twc.Automation.SmokeTestCases.smokeTestCases" time="0.479"/>
  <testcase name="Smoke_Test_verifying_sz_feed_4_adcall_FTL" classname="twc.Automation.SmokeTestCases.smokeTestCases" time="0.499"/>
  <testcase name="Smoke_Test_verifying_sz_feed_5_adcall_FTL" classname="twc.Automation.SmokeTestCases.smokeTestCases" time="0.528"/>
  <testcase name="Smoke_Test_Case_Verify_sz_Radar_Maps_deatailspage_adCall_FTL" classname="twc.Automation.SmokeTestCases.smokeTestCases" time="1.12">
    <failure message="Ad Call :iu=%2F7646%2Fapp_android_us%2Fdb_display%2Fdetails%2Fmaps not found in charles session, hence Custom Parameter: sz validation skipped" type="java.lang.AssertionError">java.lang.AssertionError: Ad Call :iu=%2F7646%2Fapp_android_us%2Fdb_display%2Fdetails%2Fmaps not found in charles session, hence Custom Parameter: sz validation skipped
	at twc.Automation.SmokeTestCases.smokeTestCases.Smoke_Test_Case_Verify_sz_Radar_Maps_deatailspage_adCall_FTL(smokeTestCases.java:390)
</failure>
    <system-out><![CDATA[================= verifying sz  value for Radar&Maps deatail card started =========================
Ad Call :iu=%2F7646%2Fapp_android_us%2Fdb_display%2Fdetails%2Fmaps not found in charles session, hence Custom Parameter: sz validation skipped
]]></system-out>
  </testcase>
  <testcase name="Smoke_Test_Case_Verify_sz_Today_details_page_iu_FTL" classname="twc.Automation.SmokeTestCases.smokeTestCases" time="0.613"/>
  <testcase name="Smoke_Test_Verify_sz_AirQuality_contentpage_adCall_FTL" classname="twc.Automation.SmokeTestCases.smokeTestCases" time="0.575"/>
  <testcase name="Smoke_Test_Verify_sz_outdoor_detailpage_adcall_FTL" classname="twc.Automation.SmokeTestCases.smokeTestCases" time="0.513"/>
  <testcase name="Smoke_Test_Verify_hourly_detailpage_adcall_FTL" classname="twc.Automation.SmokeTestCases.smokeTestCases" time="22.858"/>
  <testcase name="Smoke_Test_Verify_hourly1_detailpage_bigad_adcall_FTL" classname="twc.Automation.SmokeTestCases.smokeTestCases" time="0.066"/>
  <testcase name="Smoke_Test_Verify_hourly2_detailpage_bigad_adcall_FTL" classname="twc.Automation.SmokeTestCases.smokeTestCases" time="0.07"/>
  <testcase name="Smoke_Test_Verify_hourly3__bigad_detailpage_adcall_FTL" classname="twc.Automation.SmokeTestCases.smokeTestCases" time="0.062"/>
  <testcase name="Smoke_Test_Verify_sz_hourly_detailpage_adcall_FTL" classname="twc.Automation.SmokeTestCases.smokeTestCases" time="0.137"/>
  <testcase name="Smoke_Test_Verify_sz_hourly1_detailpage_bigad_adcall_FTL" classname="twc.Automation.SmokeTestCases.smokeTestCases" time="0.062"/>
  <testcase name="Smoke_Test_Verify_sz_hourly2_detailpage_bigad_adcall_FTL" classname="twc.Automation.SmokeTestCases.smokeTestCases" time="0.065"/>
  <testcase name="Smoke_Test_Verify_sz_hourly3__bigad_detailpage_adcall_FTL" classname="twc.Automation.SmokeTestCases.smokeTestCases" time="0.062"/>
  <testcase name="Smoke_Test_amazon_aax_Hourly_details_adcall" classname="twc.Automation.SmokeTestCases.smokeTestCases" time="0.047"/>
  <testcase name="Smoke_Test_amazon_aax_Hourly1_bigaddetails_adcall" classname="twc.Automation.SmokeTestCases.smokeTestCases" time="0.048"/>
  <testcase name="Smoke_Test_amazon_aax_Hourly2_bigaddetails_adcall" classname="twc.Automation.SmokeTestCases.smokeTestCases" time="0.042"/>
  <testcase name="Smoke_Test_amazon_aax_Hourly3_bigaddetails_adcall" classname="twc.Automation.SmokeTestCases.smokeTestCases" time="0.047"/>
  <testcase name="Smoke_Test_Verifying_newdailydetails_day1adcall_FTL" classname="twc.Automation.SmokeTestCases.smokeTestCases" time="18.644"/>
  <testcase name="Smoke_Test_amazon_aax_Daily_details_Day1_adcall" classname="twc.Automation.SmokeTestCases.smokeTestCases" time="0.031"/>
  <testcase name="Smoke_Test_sz_Verifying_newdailydetails_day1adcall_FTL" classname="twc.Automation.SmokeTestCases.smokeTestCases" time="0.034"/>
  <testcase name="Smoke_Test_Verifying_newdailydetails_day2adcall_FTL" classname="twc.Automation.SmokeTestCases.smokeTestCases" time="19.855"/>
  <testcase name="Smoke_Test_amazon_aax_Dailydetails_Day2adcall" classname="twc.Automation.SmokeTestCases.smokeTestCases" time="0.032"/>
  <testcase name="Smoke_Test_sz_Verifying_newdailydetails_day2adcall_FTL" classname="twc.Automation.SmokeTestCases.smokeTestCases" time="0.037"/>
  <testcase name="Smoke_Test_Verifying_newdailydetails_day3adcall_FTL" classname="twc.Automation.SmokeTestCases.smokeTestCases" time="20.135"/>
  <testcase name="Smoke_Test_amazon_aax_Dailydetails_Day3adcall" classname="twc.Automation.SmokeTestCases.smokeTestCases" time="0.024"/>
  <testcase name="Smoke_Test_sz_Verifying_newdailydetails_day3adcall_FTL" classname="twc.Automation.SmokeTestCases.smokeTestCases" time="0.029"/>
  <testcase name="Smoke_Test_Verifying_newdailydetails_day4adcall_FTL" classname="twc.Automation.SmokeTestCases.smokeTestCases" time="19.803"/>
  <testcase name="Smoke_Test_amazon_aax_Dailydetails_Day4adcall" classname="twc.Automation.SmokeTestCases.smokeTestCases" time="0.011"/>
  <testcase name="Smoke_Test_sz_Verifying_newdailydetails_day4adcall_FTL" classname="twc.Automation.SmokeTestCases.smokeTestCases" time="0.011"/>
  <testcase name="Smoke_Test_Verifying_newdailydetails_day5adcall_FTL" classname="twc.Automation.SmokeTestCases.smokeTestCases" time="19.862"/>
  <testcase name="Smoke_Test_amazon_aax_Dailydetails_Day5adcall" classname="twc.Automation.SmokeTestCases.smokeTestCases" time="0.016"/>
  <testcase name="Smoke_Test_sz_Verifying_newdailydetails_day5adcall_FTL" classname="twc.Automation.SmokeTestCases.smokeTestCases" time="0.021"/>
  <testcase name="Smoke_Test_Verifying_newdailydetails_day6adcall_FTL" classname="twc.Automation.SmokeTestCases.smokeTestCases" time="19.634"/>
  <testcase name="Smoke_Test_amazon_aax_Dailydetails_Day6adcall" classname="twc.Automation.SmokeTestCases.smokeTestCases" time="0.012"/>
  <testcase name="Smoke_Test_sz_Verifying_newdailydetails_day6adcall_FTL" classname="twc.Automation.SmokeTestCases.smokeTestCases" time="0.014"/>
  <testcase name="Smoke_Test_Verifying_newdailydetails_day7adcall_FTL" classname="twc.Automation.SmokeTestCases.smokeTestCases" time="20.094"/>
  <testcase name="Smoke_Test_amazon_aax_Dailydetails_Day7adcall" classname="twc.Automation.SmokeTestCases.smokeTestCases" time="0.015"/>
  <testcase name="Smoke_Test_sz_Verifying_newdailydetails_day7adcall_FTL" classname="twc.Automation.SmokeTestCases.smokeTestCases" time="0.024"/>
  <testcase name="Smoke_Test_Verifying_newdailydetails_day8adcall_FTL" classname="twc.Automation.SmokeTestCases.smokeTestCases" time="22.687"/>
  <testcase name="Smoke_Test_amazon_aax_Dailydetails_Day8adcall" classname="twc.Automation.SmokeTestCases.smokeTestCases" time="0.014"/>
  <testcase name="Smoke_Test_sz_Verifying_newdailydetails_day8adcall_FTL" classname="twc.Automation.SmokeTestCases.smokeTestCases" time="0.02"/>
  <testcase name="Smoke_Test_Verifying_newdailydetails_day9adcall_FTL" classname="twc.Automation.SmokeTestCases.smokeTestCases" time="23.04"/>
  <testcase name="Smoke_Test_amazon_aax_Dailydetails_Day9adcall" classname="twc.Automation.SmokeTestCases.smokeTestCases" time="0.009"/>
  <testcase name="Smoke_Test_sz_Verifying_newdailydetails_day9adcall_FTL" classname="twc.Automation.SmokeTestCases.smokeTestCases" time="0.01"/>
  <testcase name="Smoke_Test_Verifying_newdailydetails_day10adcall_FTL" classname="twc.Automation.SmokeTestCases.smokeTestCases" time="22.549"/>
  <testcase name="Smoke_Test_amazon_aax_Dailydetails_Day10adcall" classname="twc.Automation.SmokeTestCases.smokeTestCases" time="0.162"/>
  <testcase name="Smoke_Test_sz_Verifying_newdailydetails_day10adcall_FTL" classname="twc.Automation.SmokeTestCases.smokeTestCases" time="0.009"/>
  <testcase name="Smoke_Test_Verifying_newdailydetails_day11adcall_FTL" classname="twc.Automation.SmokeTestCases.smokeTestCases" time="22.705"/>
  <testcase name="Smoke_Test_amazon_aax_Dailydetails_Day11adcall" classname="twc.Automation.SmokeTestCases.smokeTestCases" time="0.007">
    <failure message="slot id: 6c5a145d-9198-48f4-adfd-08f05557eace is not present" type="java.lang.AssertionError">java.lang.AssertionError: slot id: 6c5a145d-9198-48f4-adfd-08f05557eace is not present
	at twc.Automation.SmokeTestCases.smokeTestCases.Smoke_Test_amazon_aax_Dailydetails_Day11adcall(smokeTestCases.java:1023)
</failure>
    <system-out><![CDATA[================= Verifying amazon slot id for  daily details day11  adcall test case Started =========================
slot id: 6c5a145d-9198-48f4-adfd-08f05557eace is not present
]]></system-out>
  </testcase>
  <testcase name="Smoke_Test_sz_Verifying_newdailydetails_day11adcall_FTL" classname="twc.Automation.SmokeTestCases.smokeTestCases" time="0.008"/>
  <testcase name="Smoke_Test_Verifying_newdailydetails_day12adcall_FTL" classname="twc.Automation.SmokeTestCases.smokeTestCases" time="23.567"/>
  <testcase name="Smoke_Test_amazon_aax_Dailydetails_Day12adcall" classname="twc.Automation.SmokeTestCases.smokeTestCases" time="0.011"/>
  <testcase name="Smoke_Test_sz_Verifying_newdailydetails_day12adcall_FTL" classname="twc.Automation.SmokeTestCases.smokeTestCases" time="0.016"/>
  <testcase name="Smoke_Test_Verifying_newdailydetails_day13adcall_FTL" classname="twc.Automation.SmokeTestCases.smokeTestCases" time="22.817"/>
  <testcase name="Smoke_Test_amazon_aax_Dailydetails_Day13adcall" classname="twc.Automation.SmokeTestCases.smokeTestCases" time="0.009"/>
  <testcase name="Smoke_Test_sz_Verifying_newdailydetails_day13adcall_FTL" classname="twc.Automation.SmokeTestCases.smokeTestCases" time="0.012"/>
  <testcase name="Smoke_Test_Verifying_newdailydetails_day14adcall_FTL" classname="twc.Automation.SmokeTestCases.smokeTestCases" time="22.814"/>
  <testcase name="Smoke_Test_amazon_aax_Dailydetails_Day14adcall" classname="twc.Automation.SmokeTestCases.smokeTestCases" time="0.009"/>
  <testcase name="Smoke_Test_sz_Verifying_newdailydetails_day14adcall_FTL" classname="twc.Automation.SmokeTestCases.smokeTestCases" time="0.011"/>
  <testcase name="Smoke_Test_Verifying_newdailydetails_day15adcall_FTL" classname="twc.Automation.SmokeTestCases.smokeTestCases" time="23.01"/>
  <testcase name="Smoke_Test_amazon_aax_Dailydetails_Day15adcall" classname="twc.Automation.SmokeTestCases.smokeTestCases" time="0.011"/>
  <testcase name="Smoke_Test_sz_Verifying_newdailydetails_day15adcall_FTL" classname="twc.Automation.SmokeTestCases.smokeTestCases" time="0.013"/>
</testsuite>