<?xml version="1.0" encoding="UTF-8"?>
<!-- Generated by org.testng.reporters.JUnitReportReporter -->
<testsuite hostname="vpathania-mpro.corp.weather.com" name="twc.Automation.CustomParameters.Run_Custom_Parameters" tests="43" failures="0" timestamp="11 Jul 2016 17:47:40 GMT" time="327.169" errors="2">
  <testcase name="C333218_Verify_cust_param_pos" time="7.489" classname="twc.Automation.CustomParameters.Run_Custom_Parameters"/>
  <testcase name="C333221_Verify_cust_param_wind" time="8.523" classname="twc.Automation.CustomParameters.Run_Custom_Parameters"/>
  <testcase name="C333202_Verify_cust_param_zip" time="8.432" classname="twc.Automation.CustomParameters.Run_Custom_Parameters"/>
  <testcase name="C333208_Verify_cust_param_tmp" time="8.649" classname="twc.Automation.CustomParameters.Run_Custom_Parameters"/>
  <testcase name="C333209_Verify_cust_param_cc" time="7.865" classname="twc.Automation.CustomParameters.Run_Custom_Parameters"/>
  <testcase name="C333223_Verify_cust_param_sev" time="7.630" classname="twc.Automation.CustomParameters.Run_Custom_Parameters"/>
  <testcase name="C333213_Verify_cust_param_aid" time="7.468" classname="twc.Automation.CustomParameters.Run_Custom_Parameters"/>
  <testcase name="C658712_Verify_cust_param_plat" time="7.455" classname="twc.Automation.CustomParameters.Run_Custom_Parameters"/>
  <testcase name="C333219_Verify_cust_param_ver" time="7.455" classname="twc.Automation.CustomParameters.Run_Custom_Parameters"/>
  <testcase name="C333216_Verify_cust_param_cnd" time="9.324" classname="twc.Automation.CustomParameters.Run_Custom_Parameters"/>
  <testcase name="C333203_Verify_cust_param_dma" time="8.445" classname="twc.Automation.CustomParameters.Run_Custom_Parameters"/>
  <testcase name="C333242_Verify_cust_param_hzcs" time="7.893" classname="twc.Automation.CustomParameters.Run_Custom_Parameters"/>
  <testcase name="C333200_Verify_cust_param_ord" time="7.453" classname="twc.Automation.CustomParameters.Run_Custom_Parameters"/>
  <testcase name="C333224_Verify_cust_param_uv" time="7.903" classname="twc.Automation.CustomParameters.Run_Custom_Parameters"/>
  <testcase name="C658716_Verify_cust_param_tf" time="6.829" classname="twc.Automation.CustomParameters.Run_Custom_Parameters"/>
  <testcase name="C333239_Verify_cust_param_tmpc" time="7.983" classname="twc.Automation.CustomParameters.Run_Custom_Parameters"/>
  <testcase name="C333225_Verify_cust_param_layer" time="7.472" classname="twc.Automation.CustomParameters.Run_Custom_Parameters"/>
  <testcase name="C333212_Verify_cust_param_ct" time="8.341" classname="twc.Automation.CustomParameters.Run_Custom_Parameters"/>
  <testcase name="C333214_Verify_cust_param_hlzip" time="8.397" classname="twc.Automation.CustomParameters.Run_Custom_Parameters"/>
  <testcase name="C333215_Verify_cust_param_ftl" time="7.496" classname="twc.Automation.CustomParameters.Run_Custom_Parameters"/>
  <testcase name="C333235_Verify_cust_param_a" time="7.509" classname="twc.Automation.CustomParameters.Run_Custom_Parameters"/>
  <testcase name="C333205_Verify_cust_param_tile" time="7.472" classname="twc.Automation.CustomParameters.Run_Custom_Parameters"/>
  <testcase name="C333228_Verify_cust_param_wfxtg" time="7.888" classname="twc.Automation.CustomParameters.Run_Custom_Parameters"/>
  <testcase name="C658715_Verify_cust_param_fam" time="7.481" classname="twc.Automation.CustomParameters.Run_Custom_Parameters"/>
  <testcase name="C333230_Verify_cust_param_fgeo" time="7.987" classname="twc.Automation.CustomParameters.Run_Custom_Parameters"/>
  <testcase name="C333227_Verify_cust_param_sg" time="7.855" classname="twc.Automation.CustomParameters.Run_Custom_Parameters"/>
  <testcase name="C658711_Verify_cust_param_lang" time="7.499" classname="twc.Automation.CustomParameters.Run_Custom_Parameters"/>
  <testcase name="C333210_Verify_cust_param_vw" time="7.502" classname="twc.Automation.CustomParameters.Run_Custom_Parameters"/>
  <testcase name="C333229_Verify_cust_param_faud" time="7.892" classname="twc.Automation.CustomParameters.Run_Custom_Parameters"/>
  <testcase name="C333233_Verify_cust_param_filtmpc" time="8.097" classname="twc.Automation.CustomParameters.Run_Custom_Parameters"/>
  <testcase name="C658713_Verify_cust_param_par" time="7.481" classname="twc.Automation.CustomParameters.Run_Custom_Parameters"/>
  <testcase name="C658714_Verify_cust_param_ch" time="7.475" classname="twc.Automation.CustomParameters.Run_Custom_Parameters"/>
  <testcase name="C333217_Verify_cust_param_tmpr" time="7.988" classname="twc.Automation.CustomParameters.Run_Custom_Parameters"/>
  <testcase name="C333236_Verify_cust_param_g" time="7.502" classname="twc.Automation.CustomParameters.Run_Custom_Parameters"/>
  <testcase name="C333232_Verify_cust_param_fhic" time="2.405" classname="twc.Automation.CustomParameters.Run_Custom_Parameters">
    <error type="java.lang.NullPointerException">
      <![CDATA[java.lang.NullPointerException
	at twc.Automation.CustomParameters.Custom_Parameters_Verification.parameters_Verification(Custom_Parameters_Verification.java:310)
	at twc.Automation.CustomParameters.Run_Custom_Parameters.C333232_Verify_cust_param_fhic(Run_Custom_Parameters.java:252)
	at sun.reflect.NativeMethodAccessorImpl.invoke0(Native Method)
	at sun.reflect.NativeMethodAccessorImpl.invoke(NativeMethodAccessorImpl.java:62)
	at sun.reflect.DelegatingMethodAccessorImpl.invoke(DelegatingMethodAccessorImpl.java:43)
	at java.lang.reflect.Method.invoke(Method.java:497)
	at org.testng.internal.MethodInvocationHelper.invokeMethod(MethodInvocationHelper.java:85)
	at org.testng.internal.Invoker.invokeMethod(Invoker.java:659)
	at org.testng.internal.Invoker.invokeTestMethod(Invoker.java:845)
	at org.testng.internal.Invoker.invokeTestMethods(Invoker.java:1153)
	at org.testng.internal.TestMethodWorker.invokeTestMethods(TestMethodWorker.java:125)
	at org.testng.internal.TestMethodWorker.run(TestMethodWorker.java:108)
	at org.testng.TestRunner.privateRun(TestRunner.java:771)
	at org.testng.TestRunner.run(TestRunner.java:621)
	at org.testng.SuiteRunner.runTest(SuiteRunner.java:357)
	at org.testng.SuiteRunner.runSequentially(SuiteRunner.java:352)
	at org.testng.SuiteRunner.privateRun(SuiteRunner.java:310)
	at org.testng.SuiteRunner.run(SuiteRunner.java:259)
	at org.testng.SuiteRunnerWorker.runSuite(SuiteRunnerWorker.java:52)
	at org.testng.SuiteRunnerWorker.run(SuiteRunnerWorker.java:86)
	at org.testng.TestNG.runSuitesSequentially(TestNG.java:1199)
	at org.testng.TestNG.runSuitesLocally(TestNG.java:1124)
	at org.testng.TestNG.run(TestNG.java:1032)
	at org.testng.remote.RemoteTestNG.run(RemoteTestNG.java:111)
	at org.testng.remote.RemoteTestNG.initAndRun(RemoteTestNG.java:204)
	at org.testng.remote.RemoteTestNG.main(RemoteTestNG.java:175)
]]>
    </error>
  </testcase> <!-- C333232_Verify_cust_param_fhic -->
  <testcase name="C333207_Verify_cust_param_hmid" time="8.401" classname="twc.Automation.CustomParameters.Run_Custom_Parameters"/>
  <testcase name="C333240_Verify_cust_param_zcs" time="7.885" classname="twc.Automation.CustomParameters.Run_Custom_Parameters"/>
  <testcase name="C333241_Verify_cust_param_nzcs" time="7.849" classname="twc.Automation.CustomParameters.Run_Custom_Parameters"/>
  <testcase name="C333238_Verify_cust_param_floc" time="2.415" classname="twc.Automation.CustomParameters.Run_Custom_Parameters">
    <error type="java.lang.NullPointerException">
      <![CDATA[java.lang.NullPointerException
	at twc.Automation.CustomParameters.Custom_Parameters_Verification.parameters_Verification(Custom_Parameters_Verification.java:317)
	at twc.Automation.CustomParameters.Run_Custom_Parameters.C333238_Verify_cust_param_floc(Run_Custom_Parameters.java:258)
	at sun.reflect.NativeMethodAccessorImpl.invoke0(Native Method)
	at sun.reflect.NativeMethodAccessorImpl.invoke(NativeMethodAccessorImpl.java:62)
	at sun.reflect.DelegatingMethodAccessorImpl.invoke(DelegatingMethodAccessorImpl.java:43)
	at java.lang.reflect.Method.invoke(Method.java:497)
	at org.testng.internal.MethodInvocationHelper.invokeMethod(MethodInvocationHelper.java:85)
	at org.testng.internal.Invoker.invokeMethod(Invoker.java:659)
	at org.testng.internal.Invoker.invokeTestMethod(Invoker.java:845)
	at org.testng.internal.Invoker.invokeTestMethods(Invoker.java:1153)
	at org.testng.internal.TestMethodWorker.invokeTestMethods(TestMethodWorker.java:125)
	at org.testng.internal.TestMethodWorker.run(TestMethodWorker.java:108)
	at org.testng.TestRunner.privateRun(TestRunner.java:771)
	at org.testng.TestRunner.run(TestRunner.java:621)
	at org.testng.SuiteRunner.runTest(SuiteRunner.java:357)
	at org.testng.SuiteRunner.runSequentially(SuiteRunner.java:352)
	at org.testng.SuiteRunner.privateRun(SuiteRunner.java:310)
	at org.testng.SuiteRunner.run(SuiteRunner.java:259)
	at org.testng.SuiteRunnerWorker.runSuite(SuiteRunnerWorker.java:52)
	at org.testng.SuiteRunnerWorker.run(SuiteRunnerWorker.java:86)
	at org.testng.TestNG.runSuitesSequentially(TestNG.java:1199)
	at org.testng.TestNG.runSuitesLocally(TestNG.java:1124)
	at org.testng.TestNG.run(TestNG.java:1032)
	at org.testng.remote.RemoteTestNG.run(RemoteTestNG.java:111)
	at org.testng.remote.RemoteTestNG.initAndRun(RemoteTestNG.java:204)
	at org.testng.remote.RemoteTestNG.main(RemoteTestNG.java:175)
]]>
    </error>
  </testcase> <!-- C333238_Verify_cust_param_floc -->
  <testcase name="C333201_Verify_cust_param_plln" time="7.934" classname="twc.Automation.CustomParameters.Run_Custom_Parameters"/>
  <testcase name="C333226_Verify_cust_param_st" time="8.337" classname="twc.Automation.CustomParameters.Run_Custom_Parameters"/>
  <testcase name="C333211_Verify_cust_param_locale" time="8.358" classname="twc.Automation.CustomParameters.Run_Custom_Parameters"/>
  <testcase name="C333204_Verify_cust_param_rmid" time="7.455" classname="twc.Automation.CustomParameters.Run_Custom_Parameters"/>
</testsuite> <!-- twc.Automation.CustomParameters.Run_Custom_Parameters -->
