<?xml version="1.0" encoding="UTF-8"?>
<!-- Generated by org.testng.reporters.JUnitReportReporter -->
<testsuite hostname="Aswinikumars-MacBook-Pro.local" name="twc.Automation.SmokeTestCases.smokeTestCases" tests="88" failures="3" timestamp="19 Jan 2022 11:22:25 GMT" time="1022.477" errors="0">
  <testcase name="Smoke_Test_sz_Verifying_newdailydetails_day1adcall_FTL" time="0.033" classname="twc.Automation.SmokeTestCases.smokeTestCases"/>
  <testcase name="Smoke_Test_Verify_sz_outdoor_detailpage_adcall_FTL" time="0.514" classname="twc.Automation.SmokeTestCases.smokeTestCases"/>
  <testcase name="Smoke_Test_Verifying_newdailydetails_day11adcall_FTL" time="22.705" classname="twc.Automation.SmokeTestCases.smokeTestCases"/>
  <testcase name="Smoke_Test_amazon_aax_Dailydetails_Day13adcall" time="0.009" classname="twc.Automation.SmokeTestCases.smokeTestCases"/>
  <testcase name="Smoke_Test_Verifying_newdailydetails_day14adcall_FTL" time="22.814" classname="twc.Automation.SmokeTestCases.smokeTestCases"/>
  <testcase name="Smoke_Test_sz_Verifying_newdailydetails_day8adcall_FTL" time="0.020" classname="twc.Automation.SmokeTestCases.smokeTestCases"/>
  <testcase name="Smoke_Test_Verify_hourly_detailpage_adcall_FTL" time="22.857" classname="twc.Automation.SmokeTestCases.smokeTestCases"/>
  <testcase name="Smoke_Test_CaseVerify_sz_Homescreen_marquee_adCall_FTL" time="0.514" classname="twc.Automation.SmokeTestCases.smokeTestCases"/>
  <testcase name="Smoke_Test_Case_Verify_sz_Radar_Maps_deatailspage_adCall_FTL" time="1.121" classname="twc.Automation.SmokeTestCases.smokeTestCases">
    <failure type="java.lang.AssertionError" message="Ad Call :iu=%2F7646%2Fapp_android_us%2Fdb_display%2Fdetails%2Fmaps not found in charles session, hence Custom Parameter: sz validation skipped">
      <![CDATA[java.lang.AssertionError: Ad Call :iu=%2F7646%2Fapp_android_us%2Fdb_display%2Fdetails%2Fmaps not found in charles session, hence Custom Parameter: sz validation skipped
	at org.testng.Assert.fail(Assert.java:94)
	at twc.Automation.General.Utils.validate_Noncustom_param_val_of_gampad(Utils.java:4268)
	at twc.Automation.SmokeTestCases.smokeTestCases.Smoke_Test_Case_Verify_sz_Radar_Maps_deatailspage_adCall_FTL(smokeTestCases.java:390)
	at sun.reflect.NativeMethodAccessorImpl.invoke0(Native Method)
	at sun.reflect.NativeMethodAccessorImpl.invoke(NativeMethodAccessorImpl.java:62)
	at sun.reflect.DelegatingMethodAccessorImpl.invoke(DelegatingMethodAccessorImpl.java:43)
	at java.lang.reflect.Method.invoke(Method.java:498)
	at org.testng.internal.MethodInvocationHelper.invokeMethod(MethodInvocationHelper.java:85)
	at org.testng.internal.Invoker.invokeMethod(Invoker.java:659)
	at org.testng.internal.Invoker.invokeTestMethod(Invoker.java:845)
	at org.testng.internal.Invoker.invokeTestMethods(Invoker.java:1153)
	at org.testng.internal.TestMethodWorker.invokeTestMethods(TestMethodWorker.java:125)
	at org.testng.internal.TestMethodWorker.run(TestMethodWorker.java:108)
	at org.testng.TestRunner.privateRun(TestRunner.java:771)
	at org.testng.TestRunner.run(TestRunner.java:621)
	at org.testng.SuiteRunner.runTest(SuiteRunner.java:357)
	at org.testng.SuiteRunner.runSequentially(SuiteRunner.java:352)
	at org.testng.SuiteRunner.privateRun(SuiteRunner.java:310)
	at org.testng.SuiteRunner.run(SuiteRunner.java:259)
	at org.testng.SuiteRunnerWorker.runSuite(SuiteRunnerWorker.java:52)
	at org.testng.SuiteRunnerWorker.run(SuiteRunnerWorker.java:86)
	at org.testng.TestNG.runSuitesSequentially(TestNG.java:1199)
	at org.testng.TestNG.runSuitesLocally(TestNG.java:1124)
	at org.testng.TestNG.run(TestNG.java:1032)
	at org.apache.maven.surefire.testng.TestNGExecutor.run(TestNGExecutor.java:283)
	at org.apache.maven.surefire.testng.TestNGXmlTestSuite.execute(TestNGXmlTestSuite.java:75)
	at org.apache.maven.surefire.testng.TestNGProvider.invoke(TestNGProvider.java:120)
	at org.apache.maven.surefire.booter.ForkedBooter.invokeProviderInSameClassLoader(ForkedBooter.java:384)
	at org.apache.maven.surefire.booter.ForkedBooter.runSuitesInProcess(ForkedBooter.java:345)
	at org.apache.maven.surefire.booter.ForkedBooter.execute(ForkedBooter.java:126)
	at org.apache.maven.surefire.booter.ForkedBooter.main(ForkedBooter.java:418)
]]>
    </failure>
  </testcase> <!-- Smoke_Test_Case_Verify_sz_Radar_Maps_deatailspage_adCall_FTL -->
  <testcase name="Smoke_Test_amazon_aax_Dailydetails_Day5adcall" time="0.015" classname="twc.Automation.SmokeTestCases.smokeTestCases"/>
  <testcase name="Smoke_Test_sz_Verifying_newdailydetails_day11adcall_FTL" time="0.007" classname="twc.Automation.SmokeTestCases.smokeTestCases"/>
  <testcase name="Smoke_Test_amazon_aax_Dailydetails_Day11adcall" time="0.006" classname="twc.Automation.SmokeTestCases.smokeTestCases">
    <failure type="java.lang.AssertionError" message="slot id: 6c5a145d-9198-48f4-adfd-08f05557eace is not present">
      <![CDATA[java.lang.AssertionError: slot id: 6c5a145d-9198-48f4-adfd-08f05557eace is not present
	at org.testng.Assert.fail(Assert.java:94)
	at twc.Automation.General.Utils.verifyAAX_SlotId(Utils.java:425)
	at twc.Automation.SmokeTestCases.smokeTestCases.Smoke_Test_amazon_aax_Dailydetails_Day11adcall(smokeTestCases.java:1023)
	at sun.reflect.NativeMethodAccessorImpl.invoke0(Native Method)
	at sun.reflect.NativeMethodAccessorImpl.invoke(NativeMethodAccessorImpl.java:62)
	at sun.reflect.DelegatingMethodAccessorImpl.invoke(DelegatingMethodAccessorImpl.java:43)
	at java.lang.reflect.Method.invoke(Method.java:498)
	at org.testng.internal.MethodInvocationHelper.invokeMethod(MethodInvocationHelper.java:85)
	at org.testng.internal.Invoker.invokeMethod(Invoker.java:659)
	at org.testng.internal.Invoker.invokeTestMethod(Invoker.java:845)
	at org.testng.internal.Invoker.invokeTestMethods(Invoker.java:1153)
	at org.testng.internal.TestMethodWorker.invokeTestMethods(TestMethodWorker.java:125)
	at org.testng.internal.TestMethodWorker.run(TestMethodWorker.java:108)
	at org.testng.TestRunner.privateRun(TestRunner.java:771)
	at org.testng.TestRunner.run(TestRunner.java:621)
	at org.testng.SuiteRunner.runTest(SuiteRunner.java:357)
	at org.testng.SuiteRunner.runSequentially(SuiteRunner.java:352)
	at org.testng.SuiteRunner.privateRun(SuiteRunner.java:310)
	at org.testng.SuiteRunner.run(SuiteRunner.java:259)
	at org.testng.SuiteRunnerWorker.runSuite(SuiteRunnerWorker.java:52)
	at org.testng.SuiteRunnerWorker.run(SuiteRunnerWorker.java:86)
	at org.testng.TestNG.runSuitesSequentially(TestNG.java:1199)
	at org.testng.TestNG.runSuitesLocally(TestNG.java:1124)
	at org.testng.TestNG.run(TestNG.java:1032)
	at org.apache.maven.surefire.testng.TestNGExecutor.run(TestNGExecutor.java:283)
	at org.apache.maven.surefire.testng.TestNGXmlTestSuite.execute(TestNGXmlTestSuite.java:75)
	at org.apache.maven.surefire.testng.TestNGProvider.invoke(TestNGProvider.java:120)
	at org.apache.maven.surefire.booter.ForkedBooter.invokeProviderInSameClassLoader(ForkedBooter.java:384)
	at org.apache.maven.surefire.booter.ForkedBooter.runSuitesInProcess(ForkedBooter.java:345)
	at org.apache.maven.surefire.booter.ForkedBooter.execute(ForkedBooter.java:126)
	at org.apache.maven.surefire.booter.ForkedBooter.main(ForkedBooter.java:418)
]]>
    </failure>
  </testcase> <!-- Smoke_Test_amazon_aax_Dailydetails_Day11adcall -->
  <testcase name="Smoke_Test_Verify_outdoor_detailpage_adcall_FTL" time="0.783" classname="twc.Automation.SmokeTestCases.smokeTestCases"/>
  <testcase name="Smoke_Test_amazon_aax_today_deatailcard" time="0.424" classname="twc.Automation.SmokeTestCases.smokeTestCases"/>
  <testcase name="Smoke_Test_amazon_aax_Dailydetails_Day6adcall" time="0.012" classname="twc.Automation.SmokeTestCases.smokeTestCases"/>
  <testcase name="Smoke_Test_Verifying_newdailydetails_day1adcall_FTL" time="18.644" classname="twc.Automation.SmokeTestCases.smokeTestCases"/>
  <testcase name="Smoke_Test_CaseVerify_Today_details_page_iu_FTL" time="0.539" classname="twc.Automation.SmokeTestCases.smokeTestCases"/>
  <testcase name="Verify_AlertCenterAd" time="1.251" classname="twc.Automation.SmokeTestCases.smokeTestCases"/>
  <testcase name="Smoke_Test_amazon_aax_mapsdetails_adcall" time="0.332" classname="twc.Automation.SmokeTestCases.smokeTestCases"/>
  <testcase name="Smoke_Test_amazon_aax_Hourly3_bigaddetails_adcall" time="0.047" classname="twc.Automation.SmokeTestCases.smokeTestCases"/>
  <testcase name="Smoke_Test_Verifying_newdailydetails_day7adcall_FTL" time="20.094" classname="twc.Automation.SmokeTestCases.smokeTestCases"/>
  <testcase name="Smoke_Test_Case_Verify_sz_Today_details_page_iu_FTL" time="0.613" classname="twc.Automation.SmokeTestCases.smokeTestCases"/>
  <testcase name="Smoke_Test_amazon_aax_Dailydetails_Day3adcall" time="0.024" classname="twc.Automation.SmokeTestCases.smokeTestCases"/>
  <testcase name="Smoke_Test_sz_Verifying_newdailydetails_day7adcall_FTL" time="0.023" classname="twc.Automation.SmokeTestCases.smokeTestCases"/>
  <testcase name="Smoke_Test_sz_Verifying_newdailydetails_day9adcall_FTL" time="0.011" classname="twc.Automation.SmokeTestCases.smokeTestCases"/>
  <testcase name="Smoke_Test_Verifying_newdailydetails_day9adcall_FTL" time="23.040" classname="twc.Automation.SmokeTestCases.smokeTestCases"/>
  <testcase name="Smoke_Test_amazon_aax_Hourly_details_adcall" time="0.047" classname="twc.Automation.SmokeTestCases.smokeTestCases"/>
  <testcase name="Smoke_Test_amazon_aax_Hourly1_bigaddetails_adcall" time="0.049" classname="twc.Automation.SmokeTestCases.smokeTestCases"/>
  <testcase name="Smoke_Test_sz_Verifying_newdailydetails_day3adcall_FTL" time="0.029" classname="twc.Automation.SmokeTestCases.smokeTestCases"/>
  <testcase name="Smoke_Test_sz_Verifying_newdailydetails_day6adcall_FTL" time="0.015" classname="twc.Automation.SmokeTestCases.smokeTestCases"/>
  <testcase name="Smoke_Test_Verifying_newdailydetails_day10adcall_FTL" time="22.548" classname="twc.Automation.SmokeTestCases.smokeTestCases"/>
  <testcase name="Smoke_Test_amazon_aaxSlot_feed4_adcall" time="0.437" classname="twc.Automation.SmokeTestCases.smokeTestCases"/>
  <testcase name="Smoke_Test_verifying_feed_5adCall_FTL" time="0.529" classname="twc.Automation.SmokeTestCases.smokeTestCases"/>
  <testcase name="Smoke_Test_Case_Verify_Radar_Maps_deatailspage_adCall_FTL" time="0.594" classname="twc.Automation.SmokeTestCases.smokeTestCases">
    <failure type="java.lang.AssertionError" message="iu=%2F7646%2Fapp_android_us%2Fdb_display%2Fdetails%2Fmaps ad call is not present">
      <![CDATA[java.lang.AssertionError: iu=%2F7646%2Fapp_android_us%2Fdb_display%2Fdetails%2Fmaps ad call is not present
	at org.testng.Assert.fail(Assert.java:94)
	at twc.Automation.General.Utils.verifyPubadCal(Utils.java:231)
	at twc.Automation.SmokeTestCases.smokeTestCases.Smoke_Test_Case_Verify_Radar_Maps_deatailspage_adCall_FTL(smokeTestCases.java:171)
	at sun.reflect.NativeMethodAccessorImpl.invoke0(Native Method)
	at sun.reflect.NativeMethodAccessorImpl.invoke(NativeMethodAccessorImpl.java:62)
	at sun.reflect.DelegatingMethodAccessorImpl.invoke(DelegatingMethodAccessorImpl.java:43)
	at java.lang.reflect.Method.invoke(Method.java:498)
	at org.testng.internal.MethodInvocationHelper.invokeMethod(MethodInvocationHelper.java:85)
	at org.testng.internal.Invoker.invokeMethod(Invoker.java:659)
	at org.testng.internal.Invoker.invokeTestMethod(Invoker.java:845)
	at org.testng.internal.Invoker.invokeTestMethods(Invoker.java:1153)
	at org.testng.internal.TestMethodWorker.invokeTestMethods(TestMethodWorker.java:125)
	at org.testng.internal.TestMethodWorker.run(TestMethodWorker.java:108)
	at org.testng.TestRunner.privateRun(TestRunner.java:771)
	at org.testng.TestRunner.run(TestRunner.java:621)
	at org.testng.SuiteRunner.runTest(SuiteRunner.java:357)
	at org.testng.SuiteRunner.runSequentially(SuiteRunner.java:352)
	at org.testng.SuiteRunner.privateRun(SuiteRunner.java:310)
	at org.testng.SuiteRunner.run(SuiteRunner.java:259)
	at org.testng.SuiteRunnerWorker.runSuite(SuiteRunnerWorker.java:52)
	at org.testng.SuiteRunnerWorker.run(SuiteRunnerWorker.java:86)
	at org.testng.TestNG.runSuitesSequentially(TestNG.java:1199)
	at org.testng.TestNG.runSuitesLocally(TestNG.java:1124)
	at org.testng.TestNG.run(TestNG.java:1032)
	at org.apache.maven.surefire.testng.TestNGExecutor.run(TestNGExecutor.java:283)
	at org.apache.maven.surefire.testng.TestNGXmlTestSuite.execute(TestNGXmlTestSuite.java:75)
	at org.apache.maven.surefire.testng.TestNGProvider.invoke(TestNGProvider.java:120)
	at org.apache.maven.surefire.booter.ForkedBooter.invokeProviderInSameClassLoader(ForkedBooter.java:384)
	at org.apache.maven.surefire.booter.ForkedBooter.runSuitesInProcess(ForkedBooter.java:345)
	at org.apache.maven.surefire.booter.ForkedBooter.execute(ForkedBooter.java:126)
	at org.apache.maven.surefire.booter.ForkedBooter.main(ForkedBooter.java:418)
]]>
    </failure>
  </testcase> <!-- Smoke_Test_Case_Verify_Radar_Maps_deatailspage_adCall_FTL -->
  <testcase name="Smoke_Test_sz_Verifying_newdailydetails_day4adcall_FTL" time="0.011" classname="twc.Automation.SmokeTestCases.smokeTestCases"/>
  <testcase name="Smoke_Test_amazon_aax_Dailydetails_Day12adcall" time="0.010" classname="twc.Automation.SmokeTestCases.smokeTestCases"/>
  <testcase name="Smoke_Test_sz_Verifying_newdailydetails_day12adcall_FTL" time="0.015" classname="twc.Automation.SmokeTestCases.smokeTestCases"/>
  <testcase name="Smoke_Test_Verify_hourly1_detailpage_bigad_adcall_FTL" time="0.066" classname="twc.Automation.SmokeTestCases.smokeTestCases"/>
  <testcase name="Smoke_Test_Verify_sz_hourly3__bigad_detailpage_adcall_FTL" time="0.061" classname="twc.Automation.SmokeTestCases.smokeTestCases"/>
  <testcase name="Smoke_Test_amazon_aaxSlot_feed1_adCall" time="0.351" classname="twc.Automation.SmokeTestCases.smokeTestCases"/>
  <testcase name="Smoke_Test_verifying_sz_feed_5_adcall_FTL" time="0.528" classname="twc.Automation.SmokeTestCases.smokeTestCases"/>
  <testcase name="Smoke_Test_Verifying_newdailydetails_day15adcall_FTL" time="23.010" classname="twc.Automation.SmokeTestCases.smokeTestCases"/>
  <testcase name="Smoke_Test_sz_Verifying_newdailydetails_day5adcall_FTL" time="0.020" classname="twc.Automation.SmokeTestCases.smokeTestCases"/>
  <testcase name="Smoke_Test_amazon_aax_Dailydetails_Day4adcall" time="0.011" classname="twc.Automation.SmokeTestCases.smokeTestCases"/>
  <testcase name="Smoke_Test_amazon_aax_Dailydetails_Day15adcall" time="0.011" classname="twc.Automation.SmokeTestCases.smokeTestCases"/>
  <testcase name="Smoke_Test_amazon_aax_Hourly2_bigaddetails_adcall" time="0.042" classname="twc.Automation.SmokeTestCases.smokeTestCases"/>
  <testcase name="Smoke_Test_Verify_sz_hourly1_detailpage_bigad_adcall_FTL" time="0.061" classname="twc.Automation.SmokeTestCases.smokeTestCases"/>
  <testcase name="Smoke_Test_verifying_sz_feed_2_adcall_FTL" time="0.519" classname="twc.Automation.SmokeTestCases.smokeTestCases"/>
  <testcase name="Smoke_Test_amazon_aax_Dailydetails_Day7adcall" time="0.014" classname="twc.Automation.SmokeTestCases.smokeTestCases"/>
  <testcase name="Smoke_Test_Verifying_newdailydetails_day12adcall_FTL" time="23.567" classname="twc.Automation.SmokeTestCases.smokeTestCases"/>
  <testcase name="Smoke_Test_sz_Verifying_newdailydetails_day2adcall_FTL" time="0.036" classname="twc.Automation.SmokeTestCases.smokeTestCases"/>
  <testcase name="Smoke_Test_Verifying_newdailydetails_day5adcall_FTL" time="19.861" classname="twc.Automation.SmokeTestCases.smokeTestCases"/>
  <testcase name="Smoke_Test_Verify_hourly2_detailpage_bigad_adcall_FTL" time="0.070" classname="twc.Automation.SmokeTestCases.smokeTestCases"/>
  <testcase name="Smoke_Test_sz_Verifying_newdailydetails_day13adcall_FTL" time="0.011" classname="twc.Automation.SmokeTestCases.smokeTestCases"/>
  <testcase name="Smoke_Test_verifying_sz_feed_1_adcall_FTL" time="0.496" classname="twc.Automation.SmokeTestCases.smokeTestCases"/>
  <testcase name="Smoke_Test_amazon_aax_Dailydetails_Day2adcall" time="0.031" classname="twc.Automation.SmokeTestCases.smokeTestCases"/>
  <testcase name="Smoke_Test_amazon_aax_Dailydetails_Day9adcall" time="0.010" classname="twc.Automation.SmokeTestCases.smokeTestCases"/>
  <testcase name="Smoke_Test_Verifying_newdailydetails_day13adcall_FTL" time="22.817" classname="twc.Automation.SmokeTestCases.smokeTestCases"/>
  <testcase name="Smoke_Test_verifying_feed_2adcall_FTL" time="0.750" classname="twc.Automation.SmokeTestCases.smokeTestCases"/>
  <testcase name="Smoke_Test_Verify_sz_hourly_detailpage_adcall_FTL" time="0.136" classname="twc.Automation.SmokeTestCases.smokeTestCases"/>
  <testcase name="Smoke_Test_amazon_aax_Dailydetails_Day14adcall" time="0.009" classname="twc.Automation.SmokeTestCases.smokeTestCases"/>
  <testcase name="Smoke_Test_amazon_aax_Airquality_deatailcard" time="0.395" classname="twc.Automation.SmokeTestCases.smokeTestCases"/>
  <testcase name="Smoke_Test_Verify_sz_AirQuality_contentpage_adCall_FTL" time="0.576" classname="twc.Automation.SmokeTestCases.smokeTestCases"/>
  <testcase name="Smoke_Test_verifying_feed_3adCall_FTL" time="0.521" classname="twc.Automation.SmokeTestCases.smokeTestCases"/>
  <testcase name="Smoke_Test_CaseVerify_Homescreen_marquee_adCall_FTL" time="660.230" classname="twc.Automation.SmokeTestCases.smokeTestCases"/>
  <testcase name="Smoke_Test_sz_Verifying_newdailydetails_day10adcall_FTL" time="0.009" classname="twc.Automation.SmokeTestCases.smokeTestCases"/>
  <testcase name="Smoke_Test_Verify_amazon_SlotId_outdoor_details" time="0.434" classname="twc.Automation.SmokeTestCases.smokeTestCases"/>
  <testcase name="Smoke_Test_Verify_hourly3__bigad_detailpage_adcall_FTL" time="0.061" classname="twc.Automation.SmokeTestCases.smokeTestCases"/>
  <testcase name="Smoke_Test_Verifying_newdailydetails_day4adcall_FTL" time="19.802" classname="twc.Automation.SmokeTestCases.smokeTestCases"/>
  <testcase name="Smoke_Test_amazon_aax_Daily_details_Day1_adcall" time="0.030" classname="twc.Automation.SmokeTestCases.smokeTestCases"/>
  <testcase name="Smoke_Test_sz_Verifying_newdailydetails_day15adcall_FTL" time="0.013" classname="twc.Automation.SmokeTestCases.smokeTestCases"/>
  <testcase name="Smoke_Test_amazon_aax_Dailydetails_Day10adcall" time="0.162" classname="twc.Automation.SmokeTestCases.smokeTestCases"/>
  <testcase name="Smoke_Test_Verifying_newdailydetails_day3adcall_FTL" time="20.135" classname="twc.Automation.SmokeTestCases.smokeTestCases"/>
  <testcase name="Smoke_Test_amazon_aaxSlot_feed3_adcall" time="0.387" classname="twc.Automation.SmokeTestCases.smokeTestCases"/>
  <testcase name="Verify_sz_AlertCenterAd" time="0.534" classname="twc.Automation.SmokeTestCases.smokeTestCases"/>
  <testcase name="Smoke_Test_sz_Verifying_newdailydetails_day14adcall_FTL" time="0.010" classname="twc.Automation.SmokeTestCases.smokeTestCases"/>
  <testcase name="Smoke_Test_Verify_Air_Quality_contentpage_adCall_FTL" time="0.612" classname="twc.Automation.SmokeTestCases.smokeTestCases"/>
  <testcase name="Smoke_Test_verifying_feed_1adcall_FTL" time="0.673" classname="twc.Automation.SmokeTestCases.smokeTestCases"/>
  <testcase name="Smoke_Test_verifying_sz_feed_4_adcall_FTL" time="0.499" classname="twc.Automation.SmokeTestCases.smokeTestCases"/>
  <testcase name="Smoke_Test_verifying_sz_feed_3_adcall_FTL" time="0.479" classname="twc.Automation.SmokeTestCases.smokeTestCases"/>
  <testcase name="Smoke_Test_amazon_aaxSlot_feed2_adcall" time="0.397" classname="twc.Automation.SmokeTestCases.smokeTestCases"/>
  <testcase name="Smoke_Test_Verify_sz_hourly2_detailpage_bigad_adcall_FTL" time="0.064" classname="twc.Automation.SmokeTestCases.smokeTestCases"/>
  <testcase name="Smoke_Test_Verifying_newdailydetails_day6adcall_FTL" time="19.635" classname="twc.Automation.SmokeTestCases.smokeTestCases"/>
  <testcase name="Smoke_Test_Verifying_newdailydetails_day8adcall_FTL" time="22.687" classname="twc.Automation.SmokeTestCases.smokeTestCases"/>
  <testcase name="Smoke_Test_amazon_aax_Dailydetails_Day8adcall" time="0.013" classname="twc.Automation.SmokeTestCases.smokeTestCases"/>
  <testcase name="Smoke_Test_verifying_feed_4adcall_FTL" time="0.597" classname="twc.Automation.SmokeTestCases.smokeTestCases"/>
  <testcase name="Smoke_Test_Verifying_newdailydetails_day2adcall_FTL" time="19.855" classname="twc.Automation.SmokeTestCases.smokeTestCases"/>
  <testcase name="Smoke_Test_amazon_aaxSlot_feed5_adcall" time="0.443" classname="twc.Automation.SmokeTestCases.smokeTestCases"/>
</testsuite> <!-- twc.Automation.SmokeTestCases.smokeTestCases -->
